#
# A fatal error has been detected by the Java Runtime Environment:
#
#  EXCEPTION_ACCESS_VIOLATION (0xc0000005) at pc=0x5cb5d35b, pid=9052, tid=4392
#
# JRE version: Java(TM) SE Runtime Environment (7.0_45-b18) (build 1.7.0_45-b18)
# Java VM: Java HotSpot(TM) Client VM (24.45-b08 mixed mode windows-x86 )
# Problematic frame:
# V  [jvm.dll+0xdd35b]
#
# Failed to write core dump. Minidumps are not enabled by default on client versions of Windows
#
# If you would like to submit a bug report, please visit:
#   http://bugreport.sun.com/bugreport/crash.jsp
#

---------------  T H R E A D  ---------------

Current thread (0x18254800):  JavaThread "JDWP Transport Listener: dt_socket" daemon [_thread_in_vm, id=4392, stack(0x18720000,0x18770000)]

siginfo: ExceptionCode=0xc0000005, reading address 0x3b65756c

Registers:
EAX=0x3b65756c, EBX=0x00000000, ECX=0x3b65756c, EDX=0x00000000
ESP=0x1876f654, EBP=0x1876f658, ESI=0x01fc74b8, EDI=0x1876f738
EIP=0x5cb5d35b, EFLAGS=0x00010206

Top of Stack: (sp=0x1876f654)
0x1876f654:   01fc74b8 1876f680 5cc8e04a 3b65756c
0x1876f664:   1876f6bb 18254800 00000000 00000000
0x1876f674:   00000000 18254800 18254800 1876f6bc
0x1876f684:   626e9d9d 01fc74b8 3b65756c 1876f6bb
0x1876f694:   3b65756c 626d436d 3b65756c 1876f6bb
0x1876f6a4:   00000006 00000000 00000000 00000009
0x1876f6b4:   00000000 007247b0 1876f6dc 626d44e0
0x1876f6c4:   00000001 1876f6f8 1876f734 1b62ac50 

Instructions: (pc=0x5cb5d35b)
0x5cb5d33b:   89 4f 04 8b 56 0c 89 57 08 8b 46 10 89 47 0c 5f
0x5cb5d34b:   5e 5d c2 0c 00 55 8b ec 8b 45 08 56 85 c0 74 28
0x5cb5d35b:   8b 30 85 f6 74 22 81 fe fe fe fe fe 74 1a 8b 4e
0x5cb5d36b:   04 8b 41 08 8b 90 90 00 00 00 83 c1 08 ff d2 84 


Register to memory mapping:

EAX=0x3b65756c is an unknown value
EBX=0x00000000 is an unknown value
ECX=0x3b65756c is an unknown value
EDX=0x00000000 is an unknown value
ESP=0x1876f654 is pointing into the stack for thread: 0x18254800
EBP=0x1876f658 is pointing into the stack for thread: 0x18254800
ESI=0x01fc74b8 is an unknown value
EDI=0x1876f738 is pointing into the stack for thread: 0x18254800


Stack: [0x18720000,0x18770000],  sp=0x1876f654,  free space=317k
Native frames: (J=compiled Java code, j=interpreted, Vv=VM code, C=native code)
V  [jvm.dll+0xdd35b]
V  [jvm.dll+0x20e04a]
C  [jdwp.dll+0x19d9d]
C  [jdwp.dll+0x44e0]
C  [jdwp.dll+0x451e]


---------------  P R O C E S S  ---------------

Java Threads: ( => current thread )
  0x01fcc400 JavaThread "DestroyJavaVM" [_thread_blocked, id=4184, stack(0x00980000,0x009d0000)]
  0x1830dc00 JavaThread "AWT-EventQueue-0" [_thread_blocked, id=9852, stack(0x197b0000,0x19800000)]
  0x18308c00 JavaThread "AWT-Windows" daemon [_thread_in_native, id=9924, stack(0x194b0000,0x19500000)]
  0x182be400 JavaThread "AWT-Shutdown" [_thread_blocked, id=6504, stack(0x195b0000,0x19600000)]
  0x182bd800 JavaThread "Java2D Disposer" daemon [_thread_blocked, id=8528, stack(0x19410000,0x19460000)]
  0x1826c800 JavaThread "Service Thread" daemon [_thread_blocked, id=8068, stack(0x192e0000,0x19330000)]
  0x18268800 JavaThread "C1 CompilerThread0" daemon [_thread_blocked, id=11164, stack(0x191b0000,0x19200000)]
  0x1825b000 JavaThread "JDWP Command Reader" daemon [_thread_in_native, id=7560, stack(0x19110000,0x19160000)]
  0x18259c00 JavaThread "JDWP Event Helper Thread" daemon [_thread_blocked, id=1912, stack(0x18b80000,0x18bd0000)]
=>0x18254800 JavaThread "JDWP Transport Listener: dt_socket" daemon [_thread_in_vm, id=4392, stack(0x18720000,0x18770000)]
  0x18245800 JavaThread "Attach Listener" daemon [_thread_blocked, id=8076, stack(0x18820000,0x18870000)]
  0x18242400 JavaThread "Signal Dispatcher" daemon [_thread_blocked, id=7264, stack(0x184d0000,0x18520000)]
  0x18216c00 JavaThread "Finalizer" daemon [_thread_blocked, id=10180, stack(0x18430000,0x18480000)]
  0x18211c00 JavaThread "Reference Handler" daemon [_thread_blocked, id=1572, stack(0x185a0000,0x185f0000)]

Other Threads:
  0x1820f800 VMThread [stack: 0x020a0000,0x020f0000] [id=9468]
  0x1827f400 WatcherThread [stack: 0x19390000,0x193e0000] [id=8288]

VM state:not at safepoint (normal execution)

VM Mutex/Monitor currently owned by a thread: None

Heap
 def new generation   total 29376K, used 858K [0x04200000, 0x061d0000, 0x09750000)
  eden space 26176K,   3% used [0x04200000, 0x042d6a90, 0x05b90000)
  from space 3200K,   0% used [0x05b90000, 0x05b90000, 0x05eb0000)
  to   space 3200K,   0% used [0x05eb0000, 0x05eb0000, 0x061d0000)
 tenured generation   total 100244K, used 74206K [0x09750000, 0x0f935000, 0x14200000)
   the space 100244K,  74% used [0x09750000, 0x0dfc78a0, 0x0dfc7a00, 0x0f935000)
 compacting perm gen  total 12288K, used 6078K [0x14200000, 0x14e00000, 0x18200000)
   the space 12288K,  49% used [0x14200000, 0x147ef968, 0x147efa00, 0x14e00000)
No shared spaces configured.

Card table byte_map: [0x01fd0000,0x02080000] byte_map_base: 0x01faf000

Polling page: 0x001c0000

Code Cache  [0x02200000, 0x022f8000, 0x04200000)
 total_blobs=384 nmethods=187 adapters=142 free_code_cache=31801Kb largest_free_block=32564672

Compilation events (10 events):
Event: 1.035 Thread 0x18268800  182             org.iceburg.home.main.StaticFunctions::locationToInt (34 bytes)
Event: 1.035 Thread 0x18268800 nmethod 182 0x022f0488 code [0x022f0580, 0x022f0640]
Event: 1.035 Thread 0x18268800  183             java.util.concurrent.atomic.AtomicLong::get (5 bytes)
Event: 1.035 Thread 0x18268800 nmethod 183 0x022f09c8 code [0x022f0ac0, 0x022f0b50]
Event: 1.035 Thread 0x18268800  184             java.util.concurrent.atomic.AtomicLong::compareAndSet (13 bytes)
Event: 1.036 Thread 0x18268800 nmethod 184 0x022f0b88 code [0x022f0c80, 0x022f0d20]
Event: 1.036 Thread 0x18268800  186             java.util.Random::next (47 bytes)
Event: 1.036 Thread 0x18268800 nmethod 186 0x022f0d88 code [0x022f0e80, 0x022f0fd0]
Event: 1.043 Thread 0x18268800  187             com.sun.org.apache.xerces.internal.util.SymbolTable::addSymbol (144 bytes)
Event: 1.044 Thread 0x18268800 nmethod 187 0x022f1088 code [0x022f11d0, 0x022f14f8]

GC Heap History (10 events):
Event: 0.816 GC heap before
{Heap before GC invocations=6 (full 1):
 def new generation   total 4992K, used 4480K [0x04200000, 0x04760000, 0x09750000)
  eden space 4480K,  99% used [0x04200000, 0x0465ff28, 0x04660000)
  from space 512K,   0% used [0x04660000, 0x04660238, 0x046e0000)
  to   space 512K,   0% used [0x046e0000, 0x046e0000, 0x04760000)
 tenured generation   total 46104K, used 39048K [0x09750000, 0x0c456000, 0x14200000)
   the space 46104K,  84% used [0x09750000, 0x0bd72000, 0x0bd72000, 0x0c456000)
 compacting perm gen  total 12288K, used 6026K [0x14200000, 0x14e00000, 0x18200000)
   the space 12288K,  49% used [0x14200000, 0x147e2ae0, 0x147e2c00, 0x14e00000)
No shared spaces configured.
Event: 0.816 GC heap after
Heap after GC invocations=7 (full 1):
 def new generation   total 4992K, used 0K [0x04200000, 0x04760000, 0x09750000)
  eden space 4480K,   0% used [0x04200000, 0x04200000, 0x04660000)
  from space 512K,   0% used [0x046e0000, 0x046e0238, 0x04760000)
  to   space 512K,   0% used [0x04660000, 0x04660000, 0x046e0000)
 tenured generation   total 46104K, used 39048K [0x09750000, 0x0c456000, 0x14200000)
   the space 46104K,  84% used [0x09750000, 0x0bd72000, 0x0bd72000, 0x0c456000)
 compacting perm gen  total 12288K, used 6026K [0x14200000, 0x14e00000, 0x18200000)
   the space 12288K,  49% used [0x14200000, 0x147e2ae0, 0x147e2c00, 0x14e00000)
No shared spaces configured.
}
Event: 0.880 GC heap before
{Heap before GC invocations=7 (full 1):
 def new generation   total 4992K, used 4469K [0x04200000, 0x04760000, 0x09750000)
  eden space 4480K,  99% used [0x04200000, 0x0465d2a0, 0x04660000)
  from space 512K,   0% used [0x046e0000, 0x046e0238, 0x04760000)
  to   space 512K,   0% used [0x04660000, 0x04660000, 0x046e0000)
 tenured generation   total 46104K, used 39048K [0x09750000, 0x0c456000, 0x14200000)
   the space 46104K,  84% used [0x09750000, 0x0bd72000, 0x0bd72000, 0x0c456000)
 compacting perm gen  total 12288K, used 6026K [0x14200000, 0x14e00000, 0x18200000)
   the space 12288K,  49% used [0x14200000, 0x147e2ae0, 0x147e2c00, 0x14e00000)
No shared spaces configured.
Event: 0.881 GC heap after
Heap after GC invocations=8 (full 1):
 def new generation   total 4992K, used 0K [0x04200000, 0x04760000, 0x09750000)
  eden space 4480K,   0% used [0x04200000, 0x04200000, 0x04660000)
  from space 512K,   0% used [0x04660000, 0x04660238, 0x046e0000)
  to   space 512K,   0% used [0x046e0000, 0x046e0000, 0x04760000)
 tenured generation   total 46104K, used 39048K [0x09750000, 0x0c456000, 0x14200000)
   the space 46104K,  84% used [0x09750000, 0x0bd72000, 0x0bd72000, 0x0c456000)
 compacting perm gen  total 12288K, used 6026K [0x14200000, 0x14e00000, 0x18200000)
   the space 12288K,  49% used [0x14200000, 0x147e2ae0, 0x147e2c00, 0x14e00000)
No shared spaces configured.
}
Event: 0.934 GC heap before
{Heap before GC invocations=8 (full 1):
 def new generation   total 4992K, used 4468K [0x04200000, 0x04760000, 0x09750000)
  eden space 4480K,  99% used [0x04200000, 0x0465d150, 0x04660000)
  from space 512K,   0% used [0x04660000, 0x04660238, 0x046e0000)
  to   space 512K,   0% used [0x046e0000, 0x046e0000, 0x04760000)
 tenured generation   total 46104K, used 39048K [0x09750000, 0x0c456000, 0x14200000)
   the space 46104K,  84% used [0x09750000, 0x0bd72000, 0x0bd72000, 0x0c456000)
 compacting perm gen  total 12288K, used 6026K [0x14200000, 0x14e00000, 0x18200000)
   the space 12288K,  49% used [0x14200000, 0x147e2ae0, 0x147e2c00, 0x14e00000)
No shared spaces configured.
Event: 0.935 GC heap after
Heap after GC invocations=9 (full 1):
 def new generation   total 4992K, used 0K [0x04200000, 0x04760000, 0x09750000)
  eden space 4480K,   0% used [0x04200000, 0x04200000, 0x04660000)
  from space 512K,   0% used [0x046e0000, 0x046e03d8, 0x04760000)
  to   space 512K,   0% used [0x04660000, 0x04660000, 0x046e0000)
 tenured generation   total 46104K, used 39048K [0x09750000, 0x0c456000, 0x14200000)
   the space 46104K,  84% used [0x09750000, 0x0bd72000, 0x0bd72000, 0x0c456000)
 compacting perm gen  total 12288K, used 6026K [0x14200000, 0x14e00000, 0x18200000)
   the space 12288K,  49% used [0x14200000, 0x147e2ae0, 0x147e2c00, 0x14e00000)
No shared spaces configured.
}
Event: 0.989 GC heap before
{Heap before GC invocations=9 (full 1):
 def new generation   total 4992K, used 4480K [0x04200000, 0x04760000, 0x09750000)
  eden space 4480K, 100% used [0x04200000, 0x04660000, 0x04660000)
  from space 512K,   0% used [0x046e0000, 0x046e03d8, 0x04760000)
  to   space 512K,   0% used [0x04660000, 0x04660000, 0x046e0000)
 tenured generation   total 46104K, used 39048K [0x09750000, 0x0c456000, 0x14200000)
   the space 46104K,  84% used [0x09750000, 0x0bd72000, 0x0bd72000, 0x0c456000)
 compacting perm gen  total 12288K, used 6026K [0x14200000, 0x14e00000, 0x18200000)
   the space 12288K,  49% used [0x14200000, 0x147e2ae0, 0x147e2c00, 0x14e00000)
No shared spaces configured.
Event: 0.989 GC heap after
Heap after GC invocations=10 (full 1):
 def new generation   total 4992K, used 0K [0x04200000, 0x04760000, 0x09750000)
  eden space 4480K,   0% used [0x04200000, 0x04200000, 0x04660000)
  from space 512K,   0% used [0x04660000, 0x046603d8, 0x046e0000)
  to   space 512K,   0% used [0x046e0000, 0x046e0000, 0x04760000)
 tenured generation   total 46104K, used 39048K [0x09750000, 0x0c456000, 0x14200000)
   the space 46104K,  84% used [0x09750000, 0x0bd72000, 0x0bd72000, 0x0c456000)
 compacting perm gen  total 12288K, used 6026K [0x14200000, 0x14e00000, 0x18200000)
   the space 12288K,  49% used [0x14200000, 0x147e2ae0, 0x147e2c00, 0x14e00000)
No shared spaces configured.
}
Event: 1.009 GC heap before
{Heap before GC invocations=10 (full 1):
 def new generation   total 4992K, used 758K [0x04200000, 0x04760000, 0x09750000)
  eden space 4480K,  16% used [0x04200000, 0x042bd5c8, 0x04660000)
  from space 512K,   0% used [0x04660000, 0x046603d8, 0x046e0000)
  to   space 512K,   0% used [0x046e0000, 0x046e0000, 0x04760000)
 tenured generation   total 46104K, used 39048K [0x09750000, 0x0c456000, 0x14200000)
   the space 46104K,  84% used [0x09750000, 0x0bd72000, 0x0bd72000, 0x0c456000)
 compacting perm gen  total 12288K, used 6026K [0x14200000, 0x14e00000, 0x18200000)
   the space 12288K,  49% used [0x14200000, 0x147e2ae0, 0x147e2c00, 0x14e00000)
No shared spaces configured.
Event: 1.019 GC heap after
Heap after GC invocations=11 (full 2):
 def new generation   total 29376K, used 0K [0x04200000, 0x061d0000, 0x09750000)
  eden space 26176K,   0% used [0x04200000, 0x04200000, 0x05b90000)
  from space 3200K,   0% used [0x05b90000, 0x05b90000, 0x05eb0000)
  to   space 3200K,   0% used [0x05eb0000, 0x05eb0000, 0x061d0000)
 tenured generation   total 65084K, used 39049K [0x09750000, 0x0d6df000, 0x14200000)
   the space 65084K,  59% used [0x09750000, 0x0bd72790, 0x0bd72800, 0x0d6df000)
 compacting perm gen  total 12288K, used 6026K [0x14200000, 0x14e00000, 0x18200000)
   the space 12288K,  49% used [0x14200000, 0x147e2ae0, 0x147e2c00, 0x14e00000)
No shared spaces configured.
}

Deoptimization events (0 events):
No events

Internal exceptions (10 events):
Event: 0.408 Thread 0x1830dc00 Threw 0x044580c0 at C:\re\jdk7u45\229\hotspot\src\share\vm\prims\jvm.cpp:1244
Event: 0.408 Thread 0x1830dc00 Threw 0x0445bf88 at C:\re\jdk7u45\229\hotspot\src\share\vm\prims\jvm.cpp:1244
Event: 0.409 Thread 0x1830dc00 Threw 0x0445d7e8 at C:\re\jdk7u45\229\hotspot\src\share\vm\prims\jvm.cpp:1244
Event: 0.409 Thread 0x1830dc00 Threw 0x0445fe70 at C:\re\jdk7u45\229\hotspot\src\share\vm\prims\jvm.cpp:1244
Event: 0.411 Thread 0x1830dc00 Threw 0x044b8890 at C:\re\jdk7u45\229\hotspot\src\share\vm\prims\jvm.cpp:1244
Event: 0.440 Thread 0x1830dc00 Threw 0x042a6cf8 at C:\re\jdk7u45\229\hotspot\src\share\vm\prims\jvm.cpp:1244
Event: 0.469 Thread 0x1830dc00 Threw 0x042b2760 at C:\re\jdk7u45\229\hotspot\src\share\vm\prims\jvm.cpp:1244
Event: 1.034 Thread 0x1830dc00 Threw 0x04200f10 at C:\re\jdk7u45\229\hotspot\src\share\vm\prims\jvm.cpp:1244
Event: 1.036 Thread 0x1830dc00 Threw 0x0420fc48 at C:\re\jdk7u45\229\hotspot\src\share\vm\prims\jvm.cpp:1244
Event: 1.037 Thread 0x1830dc00 Threw 0x04217ea0 at C:\re\jdk7u45\229\hotspot\src\share\vm\prims\jvm.cpp:1244

Events (10 events):
Event: 274.768 Executing VM operation: GetOrSetLocal
Event: 274.768 Executing VM operation: GetOrSetLocal done
Event: 274.768 Executing VM operation: GetOrSetLocal
Event: 274.768 Executing VM operation: GetOrSetLocal done
Event: 274.768 Executing VM operation: GetOrSetLocal
Event: 274.768 Executing VM operation: GetOrSetLocal done
Event: 274.770 Executing VM operation: GetOrSetLocal
Event: 274.770 Executing VM operation: GetOrSetLocal done
Event: 331.286 Executing VM operation: RedefineClasses
Event: 331.287 Executing VM operation: RedefineClasses done


Dynamic libraries:
0x00a50000 - 0x00a7f000 	C:\Program Files (x86)\Java\jre7\bin\javaw.exe
0x77730000 - 0x778b0000 	C:\Windows\SysWOW64\ntdll.dll
0x75a60000 - 0x75b70000 	C:\Windows\syswow64\kernel32.dll
0x75a10000 - 0x75a57000 	C:\Windows\syswow64\KERNELBASE.dll
0x75710000 - 0x757b0000 	C:\Windows\syswow64\ADVAPI32.dll
0x75840000 - 0x758ec000 	C:\Windows\syswow64\msvcrt.dll
0x75300000 - 0x75319000 	C:\Windows\SysWOW64\sechost.dll
0x77070000 - 0x77160000 	C:\Windows\syswow64\RPCRT4.dll
0x75150000 - 0x751b0000 	C:\Windows\syswow64\SspiCli.dll
0x75140000 - 0x7514c000 	C:\Windows\syswow64\CRYPTBASE.dll
0x75bc0000 - 0x75cc0000 	C:\Windows\syswow64\USER32.dll
0x76fe0000 - 0x77070000 	C:\Windows\syswow64\GDI32.dll
0x75ba0000 - 0x75baa000 	C:\Windows\syswow64\LPK.dll
0x75cc0000 - 0x75d5d000 	C:\Windows\syswow64\USP10.dll
0x73bb0000 - 0x73d4e000 	C:\Windows\WinSxS\x86_microsoft.windows.common-controls_6595b64144ccf1df_6.0.7601.17514_none_41e6975e2bd6f2b2\COMCTL32.dll
0x759a0000 - 0x759f7000 	C:\Windows\syswow64\SHLWAPI.dll
0x76270000 - 0x762d0000 	C:\Windows\system32\IMM32.DLL
0x75d60000 - 0x75e2c000 	C:\Windows\syswow64\MSCTF.dll
0x60c30000 - 0x60cef000 	C:\Program Files (x86)\Java\jre7\bin\msvcr100.dll
0x5ca80000 - 0x5ce00000 	C:\Program Files (x86)\Java\jre7\bin\client\jvm.dll
0x737b0000 - 0x737b7000 	C:\Windows\system32\WSOCK32.dll
0x76110000 - 0x76145000 	C:\Windows\syswow64\WS2_32.dll
0x76370000 - 0x76376000 	C:\Windows\syswow64\NSI.dll
0x71eb0000 - 0x71ee2000 	C:\Windows\system32\WINMM.dll
0x76fd0000 - 0x76fd5000 	C:\Windows\syswow64\PSAPI.DLL
0x6feb0000 - 0x6febc000 	C:\Program Files (x86)\Java\jre7\bin\verify.dll
0x622b0000 - 0x622d0000 	C:\Program Files (x86)\Java\jre7\bin\java.dll
0x626d0000 - 0x626fa000 	C:\Program Files (x86)\Java\jre7\bin\jdwp.dll
0x63410000 - 0x63417000 	C:\Program Files (x86)\Java\jre7\bin\npt.dll
0x62290000 - 0x622a3000 	C:\Program Files (x86)\Java\jre7\bin\zip.dll
0x62280000 - 0x62288000 	C:\Program Files (x86)\Java\jre7\bin\dt_socket.dll
0x70e10000 - 0x70e20000 	C:\Windows\system32\NLAapi.dll
0x67230000 - 0x67240000 	C:\Windows\system32\napinsp.dll
0x67210000 - 0x67222000 	C:\Windows\system32\pnrpnsp.dll
0x73040000 - 0x7307c000 	C:\Windows\System32\mswsock.dll
0x72420000 - 0x72464000 	C:\Windows\system32\DNSAPI.dll
0x67200000 - 0x67208000 	C:\Windows\System32\winrnr.dll
0x671f0000 - 0x671fd000 	C:\Windows\system32\wshbth.dll
0x723f0000 - 0x72417000 	C:\Program Files (x86)\Common Files\Microsoft Shared\Windows Live\WLIDNSP.DLL
0x73e90000 - 0x73eac000 	C:\Windows\system32\IPHLPAPI.DLL
0x73e80000 - 0x73e87000 	C:\Windows\system32\WINNSI.DLL
0x723a0000 - 0x723d8000 	C:\Windows\System32\fwpuclnt.dll
0x723e0000 - 0x723e6000 	C:\Windows\system32\rasadhlp.dll
0x72480000 - 0x72485000 	C:\Windows\System32\wshtcpip.dll
0x5da30000 - 0x5db73000 	C:\Program Files (x86)\Java\jre7\bin\awt.dll
0x757b0000 - 0x7583f000 	C:\Windows\syswow64\OLEAUT32.dll
0x75320000 - 0x7547c000 	C:\Windows\syswow64\ole32.dll
0x73160000 - 0x731e0000 	C:\Windows\system32\uxtheme.dll
0x6ecd0000 - 0x6ecf0000 	C:\Program Files (x86)\Common Files\Spigot\Search Settings\wth171.dll
0x6e520000 - 0x6e533000 	C:\Windows\system32\dwmapi.dll
0x67250000 - 0x67413000 	C:\Windows\system32\d3d9.dll
0x74820000 - 0x74829000 	C:\Windows\system32\VERSION.dll
0x68170000 - 0x68176000 	C:\Windows\system32\d3d8thk.dll
0x66410000 - 0x664cc000 	C:\Windows\system32\aticfx32.dll
0x67240000 - 0x6724b000 	C:\Windows\system32\atiu9pag.dll
0x65bb0000 - 0x65fdd000 	C:\Windows\system32\atiumdag.dll
0x66000000 - 0x66409000 	C:\Windows\system32\atiumdva.dll
0x76380000 - 0x76fca000 	C:\Windows\syswow64\SHELL32.dll
0x60e00000 - 0x60e38000 	C:\Program Files (x86)\Java\jre7\bin\fontmanager.dll
0x762e0000 - 0x76363000 	C:\Windows\syswow64\CLBCatQ.DLL
0x60de0000 - 0x60df4000 	C:\Program Files (x86)\Java\jre7\bin\net.dll
0x72470000 - 0x72476000 	C:\Windows\System32\wship6.dll
0x61d60000 - 0x61d6f000 	C:\Program Files (x86)\Java\jre7\bin\nio.dll
0x736c0000 - 0x737ab000 	C:\Windows\system32\dbghelp.dll

VM Arguments:
jvm_args: -agentlib:jdwp=transport=dt_socket,suspend=y,address=localhost:61040 -Dfile.encoding=Cp1252 
java_command: org.iceburg.home.main.Home
Launcher Type: SUN_STANDARD

Environment Variables:
CLASSPATH=.;C:\Program Files (x86)\Java\jre7\lib\ext\QTJava.zip
PATH=C:\Program Files (x86)\NVIDIA Corporation\PhysX\Common;C:\Program Files (x86)\AMD APP\bin\x86_64;C:\Program Files (x86)\AMD APP\bin\x86;C:\Program Files\Common Files\Microsoft Shared\Windows Live;C:\Program Files (x86)\Common Files\Microsoft Shared\Windows Live;c:\Program Files (x86)\Intel\iCLS Client\;c:\Program Files\Intel\iCLS Client\;C:\Windows\system32;C:\Windows;C:\Windows\System32\Wbem;C:\Windows\System32\WindowsPowerShell\v1.0\;c:\Program Files (x86)\ATI Technologies\ATI.ACE\Core-Static;C:\Program Files (x86)\Windows Live\Shared;C:\Program Files (x86)\Pinnacle\Shared Files\;C:\Program Files (x86)\Pinnacle\Shared Files\Filter\;C:\Program Files (x86)\QuickTime\QTSystem\;C:\Program Files\Calibre2\
USERNAME=Austin2
OS=Windows_NT
PROCESSOR_IDENTIFIER=Intel64 Family 6 Model 58 Stepping 9, GenuineIntel



---------------  S Y S T E M  ---------------

OS: Windows 7 , 64 bit Build 7601 Service Pack 1

CPU:total 4 (4 cores per cpu, 1 threads per core) family 6 model 58 stepping 9, cmov, cx8, fxsr, mmx, sse, sse2, sse3, ssse3, sse4.1, sse4.2, popcnt, avx, aes, erms, tsc, tscinvbit, tscinv

Memory: 4k page, physical 8350996k(5304540k free), swap 16700128k(11811448k free)

vm_info: Java HotSpot(TM) Client VM (24.45-b08) for windows-x86 JRE (1.7.0_45-b18), built on Oct  8 2013 06:02:43 by "java_re" with unknown MS VC++:1600

time: Tue Nov 12 21:06:32 2013
elapsed time: 331 seconds

